[0m2021.11.15 08:55:47 INFO  Started: Metals version 0.10.9 in workspace 'I:\Shubham_projects\go\json' for client Visual Studio Code 1.61.2.[0m
[0m2021.11.15 08:55:55 INFO  time: initialize in 8.27s[0m
[0m2021.11.15 08:55:56 WARN  Build server is not auto-connectable.[0m
[0m2021.11.15 08:55:56 WARN  no build tool detected in workspace 'I:\Shubham_projects\go\json'. The most common cause for this problem is that the editor was opened in the wrong working directory, for example if you use sbt then the workspace directory should contain build.sbt. [0m
[0m2021.11.16 14:39:52 INFO  shutting down Metals[0m
[0m2021.11.17 10:17:37 INFO  Started: Metals version 0.10.9 in workspace 'I:\Shubham_projects\go\json' for client Visual Studio Code 1.61.2.[0m
[0m2021.11.17 10:18:02 INFO  time: initialize in 24s[0m
[0m2021.11.17 10:18:50 WARN  Build server is not auto-connectable.[0m
[0m2021.11.17 10:18:50 WARN  no build tool detected in workspace 'I:\Shubham_projects\go\json'. The most common cause for this problem is that the editor was opened in the wrong working directory, for example if you use sbt then the workspace directory should contain build.sbt. [0m
[0m2021.11.18 08:42:03 INFO  Started: Metals version 0.10.9 in workspace 'I:\Shubham_projects\go\json' for client Visual Studio Code 1.61.2.[0m
[0m2021.11.18 08:42:21 INFO  time: initialize in 19s[0m
[0m2021.11.18 08:42:31 WARN  Build server is not auto-connectable.[0m
[0m2021.11.18 08:42:31 WARN  no build tool detected in workspace 'I:\Shubham_projects\go\json'. The most common cause for this problem is that the editor was opened in the wrong working directory, for example if you use sbt then the workspace directory should contain build.sbt. [0m
[0m2021.11.18 09:08:10 INFO  Started: Metals version 0.10.9 in workspace 'I:\Shubham_projects\go\json' for client Visual Studio Code 1.61.2.[0m
[0m2021.11.18 09:08:16 INFO  time: initialize in 5.23s[0m
[0m2021.11.18 09:08:21 WARN  Build server is not auto-connectable.[0m
[0m2021.11.18 09:08:21 WARN  no build tool detected in workspace 'I:\Shubham_projects\go\json'. The most common cause for this problem is that the editor was opened in the wrong working directory, for example if you use sbt then the workspace directory should contain build.sbt. [0m
Nov 18, 2021 9:12:22 AM org.eclipse.lsp4j.jsonrpc.services.GenericEndpoint notify
INFO: Unsupported notification method: $/setTrace
[0m2021.11.18 09:14:05 INFO  shutting down Metals[0m
[0m2021.11.18 09:20:27 INFO  Started: Metals version 0.10.9 in workspace 'I:\Shubham_projects\go\json' for client Visual Studio Code 1.62.2.[0m
[0m2021.11.18 09:20:50 INFO  time: initialize in 22s[0m
[0m2021.11.18 09:21:00 WARN  Build server is not auto-connectable.[0m
[0m2021.11.18 09:21:00 WARN  no build tool detected in workspace 'I:\Shubham_projects\go\json'. The most common cause for this problem is that the editor was opened in the wrong working directory, for example if you use sbt then the workspace directory should contain build.sbt. [0m
[0m2021.11.20 16:32:31 INFO  shutting down Metals[0m
[0m2021.11.22 09:02:45 INFO  Started: Metals version 0.10.9 in workspace 'I:\Shubham_projects\go\json' for client Visual Studio Code 1.62.3.[0m
[0m2021.11.22 09:02:50 INFO  time: initialize in 5.24s[0m
[0m2021.11.22 09:02:52 WARN  Build server is not auto-connectable.[0m
[0m2021.11.22 09:02:52 WARN  no build tool detected in workspace 'I:\Shubham_projects\go\json'. The most common cause for this problem is that the editor was opened in the wrong working directory, for example if you use sbt then the workspace directory should contain build.sbt. [0m
Nov 25, 2021 9:03:48 AM org.eclipse.lsp4j.jsonrpc.services.GenericEndpoint notify
INFO: Unsupported notification method: $/setTrace
[0m2021.11.25 12:25:23 INFO  shutting down Metals[0m
